This file contains any messages produced by compilers while
running configure, to aid debugging if configure makes a mistake.

configure:611: checking host system type
configure:632: checking target system type
configure:650: checking build system type
configure:709: checking for a BSD compatible install
configure:766: checking for -p flag to install
configure:789: checking whether build environment is sane
configure:827: checking whether make sets ${MAKE}
configure:873: checking for working aclocal
configure:886: checking for working autoconf
configure:899: checking for working automake
configure:912: checking for working autoheader
configure:925: checking for working makeinfo
configure:1030: checking for gcc
configure:1143: checking whether the C compiler (gcc   ) works
configure:1159: gcc -o conftest     conftest.c  1>&5
configure:1185: checking whether the C compiler (gcc   ) is a cross-compiler
configure:1190: checking whether we are using GNU C
configure:1218: checking whether gcc accepts -g
configure:1347: checking how to run the C preprocessor
configure:1463: checking whether  supports -frepo
configure:1718: checking for ld used by GCC
configure:1786: checking if the linker (/usr/bin/ld) is GNU ld
configure:1803: checking for /usr/bin/ld option to reload object files
configure:1815: checking for BSD-compatible nm
configure:1853: checking whether ln -s works
configure:1874: checking how to recognise dependant libraries
configure:2195: checking for ranlib
configure:2262: checking for strip
configure:2434: checking for Cygwin environment
configure:2467: checking for mingw32 environment
ltconfig:678:checking for gcc option to produce PIC
ltconfig:687:checking that gcc PIC flag  -fPIC -DPIC works.
ltconfig:749: checking if gcc static flag -static works
ltconfig:780: finding the maximum length of command line arguments
ltconfig:@lineno@: result: 73729
ltconfig:883: checking if gcc supports -fno-rtti -fno-exceptions
ltconfig:884: gcc -c -O2   -fno-rtti -fno-exceptions -c conftest.c  conftest.c 1>&5
ltconfig:1423: checking if global_symbol_pipe works
ltconfig:1424: gcc -c -O2    conftest.c 1>&5
ltconfig:1427: eval "/usr/bin/nm -B conftest.o | sed -n -e 's/^.*[ 	]\([ABCDGISTW]\)[ 	][ 	]*\(\)\([_A-Za-z][_A-Za-z0-9]*\)$/\1 \2\3 \3/p' > conftest.nm"
ltconfig:1479: gcc -o conftest -O2   -fno-builtin -fno-rtti -fno-exceptions   conftest.c conftstm.o 1>&5
ltconfig:1863: checking for dlfcn.h
ltconfig:1902: checking whether a program can dlopen itself
ltconfig:1976: checking whether a statically linked program can dlopen itself
configure:2592: checking for object suffix
configure:2618: checking for executable suffix
configure:2801: checking for ranlib
configure:2868: checking for strip
configure:3047: checking for extra includes
configure:3078: checking for extra libs
configure:3137: checking if pcnec should be compiled
